#
# There is insufficient memory for the Java Runtime Environment to continue.
# Native memory allocation (mmap) failed to map 134217728 bytes for Failed to commit area from 0x0000000081800000 to 0x0000000089800000 of length 134217728.
# Possible reasons:
#   The system is out of physical RAM or swap space
#   The process is running with CompressedOops enabled, and the Java Heap may be blocking the growth of the native heap
# Possible solutions:
#   Reduce memory load on the system
#   Increase physical memory or swap space
#   Check if swap backing store is full
#   Decrease Java heap size (-Xmx/-Xms)
#   Decrease number of Java threads
#   Decrease Java thread stack sizes (-Xss)
#   Set larger code cache with -XX:ReservedCodeCacheSize=
#   JVM is running with Unscaled Compressed Oops mode in which the Java heap is
#     placed in the first 4GB address space. The Java Heap base address is the
#     maximum limit for the native heap growth. Please use -XX:HeapBaseMinAddress
#     to set the Java Heap base and to place the Java Heap above 4GB virtual address.
# This output file may be truncated or incomplete.
#
#  Out of Memory Error (./open/src/hotspot/os/windows/os_windows.cpp:3315), pid=6580, tid=14100
#
# JRE version:  (14.0.1+7) (build )
# Java VM: Java HotSpot(TM) 64-Bit Server VM (14.0.1+7, mixed mode, sharing, tiered, compressed oops, g1 gc, windows-amd64)
# No core dump will be written. Minidumps are not enabled by default on client versions of Windows
#

---------------  S U M M A R Y ------------

Command Line: -ea -Didea.test.cyclic.buffer.size=1048576 -javaagent:E:\IDEA\IntelliJ IDEA Community Edition 2021.3.3\lib\idea_rt.jar=56875:E:\IDEA\IntelliJ IDEA Community Edition 2021.3.3\bin -Dfile.encoding=UTF-8 com.intellij.rt.junit.JUnitStarter -ideVersion5 -junit4 Testing

Host: Intel(R) Core(TM) i7-8550U CPU @ 1.80GHz, 8 cores, 7G,  Windows 10 , 64 bit Build 19041 (10.0.19041.1645)
Time: Thu May  5 16:04:42 2022 中国标准时间 elapsed time: 0 seconds (0d 0h 0m 0s)

---------------  T H R E A D  ---------------

Current thread (0x000002434e113800):  JavaThread "Unknown thread" [_thread_in_vm, id=14100, stack(0x000000bb23c00000,0x000000bb23d00000)]

Stack: [0x000000bb23c00000,0x000000bb23d00000]
Native frames: (J=compiled Java code, j=interpreted, Vv=VM code, C=native code)
V  [jvm.dll+0x5f840a]
V  [jvm.dll+0x741e4a]
V  [jvm.dll+0x7435ff]
V  [jvm.dll+0x743c43]
V  [jvm.dll+0x20d288]
V  [jvm.dll+0x5f57ba]
V  [jvm.dll+0x5ea615]
V  [jvm.dll+0x2c7e9c]
V  [jvm.dll+0x2c7cd2]
V  [jvm.dll+0x2cdbbc]
V  [jvm.dll+0x313ff8]
V  [jvm.dll+0x313720]
V  [jvm.dll+0x2a092a]
V  [jvm.dll+0x2a1a79]
V  [jvm.dll+0x71f718]
V  [jvm.dll+0x321c44]
V  [jvm.dll+0x700b0c]
V  [jvm.dll+0x392dff]
V  [jvm.dll+0x394e71]
C  [jli.dll+0x523b]
C  [ucrtbase.dll+0x21bb2]
C  [KERNEL32.DLL+0x17034]
C  [ntdll.dll+0x52651]


---------------  P R O C E S S  ---------------

Threads class SMR info:
_java_thread_list=0x00007ffa2eff3078, length=0, elements={
}

Java Threads: ( => current thread )

Other Threads:
  0x000002434e154000 GCTaskThread "GC Thread#0" [stack: 0x000000bb23d00000,0x000000bb23e00000] [id=15884]
  0x000002434e165000 ConcurrentGCThread "G1 Main Marker" [stack: 0x000000bb23e00000,0x000000bb23f00000] [id=14692]
  0x000002434e166800 ConcurrentGCThread "G1 Conc#0" [stack: 0x000000bb23f00000,0x000000bb24000000] [id=4208]

[error occurred during error reporting (printing all threads), id 0xc0000005, EXCEPTION_ACCESS_VIOLATION (0xc0000005) at pc=0x00007ffa2e821257]

VM state:not at safepoint (not fully initialized)

VM Mutex/Monitor currently owned by a thread:  ([mutex/lock_event])
[0x000002434e10f420] Heap_lock - owner thread: 0x000002434e113800

Heap address: 0x0000000081800000, size: 2024 MB, Compressed Oops mode: 32-bit
Narrow klass base: 0x0000000000000000, Narrow klass shift: 0

GC Heap History (0 events):
No events

Deoptimization events (0 events):
No events

Classes unloaded (0 events):
No events

Classes redefined (0 events):
No events

Internal exceptions (0 events):
No events

Events (2 events):
Event: 0.011 Loaded shared library E:\JAVA\jdk-14.0.1\bin\java.dll
Event: 0.011 Loaded shared library E:\JAVA\jdk-14.0.1\bin\zip.dll


Dynamic libraries:
0x00007ff6b1de0000 - 0x00007ff6b1def000 	E:\JAVA\jdk-14.0.1\bin\java.exe
0x00007ffa882d0000 - 0x00007ffa884c5000 	C:\WINDOWS\SYSTEM32\ntdll.dll
0x00007ffa86d50000 - 0x00007ffa86e0e000 	C:\WINDOWS\System32\KERNEL32.DLL
0x00007ffa85a20000 - 0x00007ffa85ce8000 	C:\WINDOWS\System32\KERNELBASE.dll
0x00007ffa85ef0000 - 0x00007ffa85ff0000 	C:\WINDOWS\System32\ucrtbase.dll
0x00007ffa71c70000 - 0x00007ffa71c88000 	E:\JAVA\jdk-14.0.1\bin\jli.dll
0x00007ffa71c50000 - 0x00007ffa71c65000 	E:\JAVA\jdk-14.0.1\bin\VCRUNTIME140.dll
0x00007ffa86fe0000 - 0x00007ffa8708e000 	C:\WINDOWS\System32\ADVAPI32.dll
0x00007ffa868b0000 - 0x00007ffa8694e000 	C:\WINDOWS\System32\msvcrt.dll
0x00007ffa87590000 - 0x00007ffa8762c000 	C:\WINDOWS\System32\sechost.dll
0x00007ffa88080000 - 0x00007ffa881a5000 	C:\WINDOWS\System32\RPCRT4.dll
0x00007ffa87790000 - 0x00007ffa87930000 	C:\WINDOWS\System32\USER32.dll
0x00007ffa85e70000 - 0x00007ffa85e92000 	C:\WINDOWS\System32\win32u.dll
0x00007ffa86fb0000 - 0x00007ffa86fda000 	C:\WINDOWS\System32\GDI32.dll
0x00007ffa85d60000 - 0x00007ffa85e6b000 	C:\WINDOWS\System32\gdi32full.dll
0x00007ffa79d60000 - 0x00007ffa79ffa000 	C:\WINDOWS\WinSxS\amd64_microsoft.windows.common-controls_6595b64144ccf1df_6.0.19041.1110_none_60b5254171f9507e\COMCTL32.dll
0x00007ffa86150000 - 0x00007ffa861ed000 	C:\WINDOWS\System32\msvcp_win.dll
0x00007ffa7f640000 - 0x00007ffa7f64a000 	C:\WINDOWS\SYSTEM32\VERSION.dll
0x00007ffa86330000 - 0x00007ffa86360000 	C:\WINDOWS\System32\IMM32.DLL
0x00007ffa499d0000 - 0x00007ffa49a6b000 	E:\JAVA\jdk-14.0.1\bin\msvcp140.dll
0x00007ffa2e570000 - 0x00007ffa2f08e000 	E:\JAVA\jdk-14.0.1\bin\server\jvm.dll
0x00007ffa868a0000 - 0x00007ffa868a8000 	C:\WINDOWS\System32\PSAPI.DLL
0x00007ffa6b480000 - 0x00007ffa6b489000 	C:\WINDOWS\SYSTEM32\WSOCK32.dll
0x00007ffa70580000 - 0x00007ffa705a7000 	C:\WINDOWS\SYSTEM32\WINMM.dll
0x00007ffa86830000 - 0x00007ffa8689b000 	C:\WINDOWS\System32\ws2_32.DLL
0x00007ffa842f0000 - 0x00007ffa84302000 	C:\WINDOWS\SYSTEM32\kernel.appcore.dll
0x00007ffa80300000 - 0x00007ffa8030a000 	E:\JAVA\jdk-14.0.1\bin\jimage.dll
0x00007ffa83810000 - 0x00007ffa839f4000 	C:\WINDOWS\SYSTEM32\DBGHELP.DLL
0x00007ffa7ac00000 - 0x00007ffa7ac2c000 	C:\WINDOWS\SYSTEM32\dbgcore.DLL
0x00007ffa861f0000 - 0x00007ffa86272000 	C:\WINDOWS\System32\bcryptPrimitives.dll
0x00007ffa804e0000 - 0x00007ffa804ee000 	E:\JAVA\jdk-14.0.1\bin\instrument.dll
0x00007ffa61590000 - 0x00007ffa615b5000 	E:\JAVA\jdk-14.0.1\bin\java.dll
0x00007ffa661b0000 - 0x00007ffa661c6000 	E:\JAVA\jdk-14.0.1\bin\zip.dll

dbghelp: loaded successfully - version: 4.0.5 - missing functions: none
symbol engine: initialized successfully - sym options: 0x614 - pdb path: .;E:\JAVA\jdk-14.0.1\bin;C:\WINDOWS\SYSTEM32;C:\WINDOWS\WinSxS\amd64_microsoft.windows.common-controls_6595b64144ccf1df_6.0.19041.1110_none_60b5254171f9507e;E:\JAVA\jdk-14.0.1\bin\server

VM Arguments:
jvm_args: -ea -Didea.test.cyclic.buffer.size=1048576 -javaagent:E:\IDEA\IntelliJ IDEA Community Edition 2021.3.3\lib\idea_rt.jar=56875:E:\IDEA\IntelliJ IDEA Community Edition 2021.3.3\bin -Dfile.encoding=UTF-8 
java_command: com.intellij.rt.junit.JUnitStarter -ideVersion5 -junit4 Testing
java_class_path (initial): E:\IDEA\IntelliJ IDEA Community Edition 2021.3.3\lib\idea_rt.jar;E:\IDEA\IntelliJ IDEA Community Edition 2021.3.3\plugins\junit\lib\junit5-rt.jar;E:\IDEA\IntelliJ IDEA Community Edition 2021.3.3\plugins\junit\lib\junit-rt.jar;E:\data\dcpabe-master1\target\test-classes;E:\data\dcpabe-master1\target\classes;C:\Users\Administrator\.m2\repository\com\github\stefano81\jpbc\v2.0.0-m\jpbc-v2.0.0-m.jar;C:\Users\Administrator\.m2\repository\com\github\stefano81\jpbc\jpbc-api\v2.0.0-m\jpbc-api-v2.0.0-m.jar;C:\Users\Administrator\.m2\repository\com\github\stefano81\jpbc\jpbc-benchmark\v2.0.0-m\jpbc-benchmark-v2.0.0-m.jar;C:\Users\Administrator\.m2\repository\com\github\stefano81\jpbc\jpbc-crypto\v2.0.0-m\jpbc-crypto-v2.0.0-m.jar;C:\Users\Administrator\.m2\repository\com\github\stefano81\jpbc\jpbc-mm\v2.0.0-m\jpbc-mm-v2.0.0-m.jar;C:\Users\Administrator\.m2\repository\com\github\stefano81\jpbc\jpbc-pbc\v2.0.0-m\jpbc-pbc-v2.0.0-m.jar;C:\Users\Administrator\.m2\repository\net\java\dev\jna\jna\3.2.5\jna-3.2.5.jar;C:\Users\Administrator\.m2\repository\com\github\stefano81\jpbc\jpbc-plaf\v2.0.0-m\jpbc-plaf-v2.0.0-m.jar;C:\Users\Administrator\.m2\repository\com\github\stefano81\jpbc\jpbc-site-skin\v2.0.0-m\jpbc-site-skin-v2.0.0-m.jar;C:\Users\Administrator\.m2\repository\com\github\stefano81\jpbc\jpbc-test\v2.0.0-m\jpbc-test-v2.0.0-m.jar;C:\Users\Administrator\.m2\repository\junit\junit\4.13.1\junit-4.13.1.jar;C:\Users\Administrator\.m2\repository\org\hamcrest\hamcrest-core\1.3\hamcrest-core-1.3.jar;C:\Users\Administrator\.m2\repository\com\fasterxml\jackson\core\jackson-databind\2.10.0.pr1\jackson-databind-2.10.0.pr1.jar;C:\Users\Administrator\.m2\repository\com\fasterxml\jackson\core\jackson-annotations\2.10.0.pr1\jackson-annotations-2.10.0.pr1.jar;C:\Users\Administrator\.m2\repository\com\fasterxml\jackson\core\jackson-core\2.10.0.pr1\jackson-core-2.10.0.pr1.jar;C:\Users\Administrator\.m2\repository\org\bouncycastle\bcprov-jdk16\1.46\bcprov-jdk16-1.46.j
Launcher Type: SUN_STANDARD

[Global flags]
     intx CICompilerCount                          = 4                                         {product} {ergonomic}
     uint ConcGCThreads                            = 2                                         {product} {ergonomic}
     uint G1ConcRefinementThreads                  = 8                                         {product} {ergonomic}
   size_t G1HeapRegionSize                         = 1048576                                   {product} {ergonomic}
    uintx GCDrainStackTargetSize                   = 64                                        {product} {ergonomic}
   size_t InitialHeapSize                          = 134217728                                 {product} {ergonomic}
   size_t MarkStackSize                            = 4194304                                   {product} {ergonomic}
   size_t MaxHeapSize                              = 2122317824                                {product} {ergonomic}
   size_t MinHeapDeltaBytes                        = 1048576                                   {product} {ergonomic}
   size_t MinHeapSize                              = 8388608                                   {product} {ergonomic}
    uintx NonNMethodCodeHeapSize                   = 5839372                                {pd product} {ergonomic}
    uintx NonProfiledCodeHeapSize                  = 122909434                              {pd product} {ergonomic}
    uintx ProfiledCodeHeapSize                     = 122909434                              {pd product} {ergonomic}
    uintx ReservedCodeCacheSize                    = 251658240                              {pd product} {ergonomic}
     bool SegmentedCodeCache                       = true                                      {product} {ergonomic}
   size_t SoftMaxHeapSize                          = 2122317824                             {manageable} {ergonomic}
     bool UseCompressedClassPointers               = true                                 {lp64_product} {ergonomic}
     bool UseCompressedOops                        = true                                 {lp64_product} {ergonomic}
     bool UseG1GC                                  = true                                      {product} {ergonomic}
     bool UseLargePagesIndividualAllocation        = false                                  {pd product} {ergonomic}

Logging:
Log output configuration:
 #0: stdout all=warning uptime,level,tags
 #1: stderr all=off uptime,level,tags

Environment Variables:
JAVA_HOME=E:\JAVA\jdk-14.0.1
PATH=C:\Program Files (x86)\NVIDIA Corporation\PhysX\Common;C:\WINDOWS\system32;C:\WINDOWS;C:\WINDOWS\System32\Wbem;C:\WINDOWS\System32\WindowsPowerShell\v1.0\;C:\WINDOWS\System32\OpenSSH\;E:\nodejs\;E:\xshell\;E:\JAVA\jdk-14.0.1\bin;E:\minw64\mingw64\bin;D:\bandzip\;C:\Users\Administrator\AppData\Local\Programs\Microsoft VS Code\bin;C:\Users\Administrator\AppData\Roaming\npm;E:\Anaconda\Scripts;E:\Anaconda;E:\Anaconda\Library\mingw-w64\bin;E:\Anaconda\Library\usr\bin;E:\Anaconda\Library\bin;C:\Users\Administrator\AppData\Local\Microsoft\WindowsApps;E:\JAVA\jdk-14.0.1\bin;E:\JAVA\jdk-14.0.1\jre\bin;
USERNAME=Administrator
OS=Windows_NT
PROCESSOR_IDENTIFIER=Intel64 Family 6 Model 142 Stepping 10, GenuineIntel



---------------  S Y S T E M  ---------------

OS: Windows 10 , 64 bit Build 19041 (10.0.19041.1645)
OS uptime: 19 days 14:58 hours

CPU:total 8 (initial active 8) (4 cores per cpu, 2 threads per core) family 6 model 142 stepping 10, cmov, cx8, fxsr, mmx, sse, sse2, sse3, ssse3, sse4.1, sse4.2, popcnt, avx, avx2, aes, clmul, erms, 3dnowpref, lzcnt, ht, tsc, tscinvbit, bmi1, bmi2, adx, fma

Memory: 4k page, system-wide physical 8092M (597M free)
TotalPageFile size 19868M (AvailPageFile size 90M)
current process WorkingSet (physical memory assigned to process): 10M, peak: 10M
current process commit charge ("private bytes"): 60M, peak: 188M

vm_info: Java HotSpot(TM) 64-Bit Server VM (14.0.1+7) for windows-amd64 JRE (14.0.1+7), built on Mar  5 2020 10:30:14 by "mach5one" with MS VC++ 15.9 (VS2017)

END.
